<?xml version="1.0" encoding="UTF-8"?>
<coverage generated="1771473209216" clover="3.2.0">
  <project timestamp="1771473209216" name="All files">
    <metrics statements="135" coveredstatements="134" conditionals="46" coveredconditionals="45" methods="35" coveredmethods="35" elements="216" coveredelements="214" complexity="0" loc="135" ncloc="135" packages="1" files="1" classes="1"/>
    <file name="useWorkoutState.ts" path="C:\Users\MarioPC\Apps\ironlift\src\hooks\useWorkoutState.ts">
      <metrics statements="135" coveredstatements="134" conditionals="46" coveredconditionals="45" methods="35" coveredmethods="35"/>
      <line num="96" count="199" type="stmt"/>
      <line num="104" count="199" type="stmt"/>
      <line num="107" count="199" type="stmt"/>
      <line num="108" count="199" type="stmt"/>
      <line num="111" count="199" type="stmt"/>
      <line num="118" count="199" type="stmt"/>
      <line num="120" count="199" type="stmt"/>
      <line num="121" count="73" type="cond" truecount="2" falsecount="0"/>
      <line num="123" count="71" type="cond" truecount="2" falsecount="0"/>
      <line num="124" count="3" type="stmt"/>
      <line num="125" count="3" type="stmt"/>
      <line num="126" count="3" type="stmt"/>
      <line num="127" count="3" type="stmt"/>
      <line num="130" count="68" type="cond" truecount="2" falsecount="0"/>
      <line num="131" count="60" type="stmt"/>
      <line num="135" count="103" type="stmt"/>
      <line num="141" count="246" type="stmt"/>
      <line num="150" count="60" type="stmt"/>
      <line num="153" count="60" type="stmt"/>
      <line num="154" count="103" type="stmt"/>
      <line num="157" count="246" type="stmt"/>
      <line num="164" count="60" type="stmt"/>
      <line num="165" count="60" type="stmt"/>
      <line num="175" count="199" type="stmt"/>
      <line num="177" count="5" type="stmt"/>
      <line num="178" count="5" type="stmt"/>
      <line num="179" count="5" type="stmt"/>
      <line num="180" count="5" type="stmt"/>
      <line num="181" count="5" type="stmt"/>
      <line num="182" count="5" type="stmt"/>
      <line num="183" count="5" type="stmt"/>
      <line num="184" count="5" type="stmt"/>
      <line num="193" count="199" type="stmt"/>
      <line num="195" count="4" type="stmt"/>
      <line num="196" count="4" type="stmt"/>
      <line num="197" count="4" type="stmt"/>
      <line num="198" count="4" type="stmt"/>
      <line num="199" count="4" type="stmt"/>
      <line num="200" count="4" type="stmt"/>
      <line num="201" count="4" type="stmt"/>
      <line num="202" count="4" type="stmt"/>
      <line num="212" count="199" type="stmt"/>
      <line num="214" count="12" type="stmt"/>
      <line num="216" count="12" type="stmt"/>
      <line num="217" count="12" type="stmt"/>
      <line num="218" count="12" type="stmt"/>
      <line num="219" count="12" type="stmt"/>
      <line num="220" count="12" type="stmt"/>
      <line num="221" count="12" type="stmt"/>
      <line num="222" count="12" type="stmt"/>
      <line num="223" count="12" type="stmt"/>
      <line num="224" count="12" type="stmt"/>
      <line num="227" count="12" type="stmt"/>
      <line num="236" count="199" type="stmt"/>
      <line num="237" count="7" type="stmt"/>
      <line num="238" count="7" type="stmt"/>
      <line num="239" count="7" type="stmt"/>
      <line num="240" count="7" type="stmt"/>
      <line num="241" count="7" type="stmt"/>
      <line num="250" count="7" type="stmt"/>
      <line num="251" count="7" type="stmt"/>
      <line num="259" count="199" type="stmt"/>
      <line num="262" count="6" type="stmt"/>
      <line num="264" count="6" type="stmt"/>
      <line num="265" count="6" type="stmt"/>
      <line num="266" count="6" type="stmt"/>
      <line num="269" count="6" type="cond" truecount="2" falsecount="0"/>
      <line num="271" count="4" type="stmt"/>
      <line num="272" count="11" type="stmt"/>
      <line num="273" count="7" type="stmt"/>
      <line num="275" count="4" type="stmt"/>
      <line num="276" count="4" type="stmt"/>
      <line num="286" count="199" type="stmt"/>
      <line num="289" count="10" type="stmt"/>
      <line num="290" count="19" type="stmt"/>
      <line num="292" count="10" type="cond" truecount="2" falsecount="0"/>
      <line num="294" count="8" type="stmt"/>
      <line num="313" count="8" type="stmt"/>
      <line num="322" count="199" type="stmt"/>
      <line num="325" count="5" type="stmt"/>
      <line num="327" count="5" type="stmt"/>
      <line num="329" count="10" type="stmt"/>
      <line num="332" count="5" type="stmt"/>
      <line num="341" count="199" type="stmt"/>
      <line num="342" count="7" type="stmt"/>
      <line num="348" count="199" type="stmt"/>
      <line num="349" count="1" type="stmt"/>
      <line num="356" count="199" type="stmt"/>
      <line num="358" count="8" type="stmt"/>
      <line num="359" count="8" type="stmt"/>
      <line num="360" count="8" type="stmt"/>
      <line num="361" count="8" type="stmt"/>
      <line num="362" count="8" type="stmt"/>
      <line num="363" count="8" type="stmt"/>
      <line num="374" count="199" type="stmt"/>
      <line num="376" count="6" type="cond" truecount="2" falsecount="0"/>
      <line num="378" count="5" type="stmt"/>
      <line num="380" count="5" type="stmt"/>
      <line num="381" count="11" type="stmt"/>
      <line num="382" count="17" type="stmt"/>
      <line num="385" count="11" type="cond" truecount="2" falsecount="0"/>
      <line num="387" count="10" type="cond" truecount="2" falsecount="0"/>
      <line num="388" count="4" type="stmt"/>
      <line num="395" count="5" type="stmt"/>
      <line num="406" count="199" type="stmt"/>
      <line num="411" count="8" type="cond" truecount="2" falsecount="0"/>
      <line num="416" count="7" type="stmt"/>
      <line num="418" count="7" type="stmt"/>
      <line num="420" count="15" type="stmt"/>
      <line num="421" count="23" type="stmt"/>
      <line num="423" count="15" type="cond" truecount="2" falsecount="0"/>
      <line num="425" count="14" type="stmt"/>
      <line num="426" count="14" type="stmt"/>
      <line num="428" count="14" type="stmt"/>
      <line num="430" count="36" type="cond" truecount="4" falsecount="0"/>
      <line num="431" count="5" type="stmt"/>
      <line num="439" count="14" type="cond" truecount="2" falsecount="0"/>
      <line num="440" count="5" type="stmt"/>
      <line num="447" count="7" type="stmt"/>
      <line num="457" count="199" type="stmt"/>
      <line num="458" count="11" type="cond" truecount="4" falsecount="0"/>
      <line num="459" count="2" type="stmt"/>
      <line num="462" count="9" type="stmt"/>
      <line num="463" count="9" type="stmt"/>
      <line num="466" count="9" type="cond" truecount="2" falsecount="0"/>
      <line num="469" count="7" type="stmt"/>
      <line num="470" count="12" type="stmt"/>
      <line num="471" count="17" type="stmt"/>
      <line num="473" count="12" type="cond" truecount="2" falsecount="0"/>
      <line num="474" count="11" type="cond" truecount="2" falsecount="0"/>
      <line num="478" count="4" type="stmt"/>
      <line num="479" count="12" type="cond" truecount="1" falsecount="1"/>
      <line num="480" count="0" type="stmt"/>
      <line num="484" count="4" type="stmt"/>
      <line num="489" count="199" type="stmt"/>
    </file>
  </project>
</coverage>
