{"C:\\Users\\MarioPC\\Apps\\ironlift\\src\\hooks\\useWorkoutState.ts": {"path":"C:\\Users\\MarioPC\\Apps\\ironlift\\src\\hooks\\useWorkoutState.ts","statementMap":{"0":{"start":{"line":96,"column":44},"end":{"line":101,"column":4}},"1":{"start":{"line":104,"column":4},"end":{"line":104,"column":43}},"2":{"start":{"line":107,"column":23},"end":{"line":107,"column":54}},"3":{"start":{"line":108,"column":2},"end":{"line":108,"column":49}},"4":{"start":{"line":111,"column":46},"end":{"line":111,"column":75}},"5":{"start":{"line":118,"column":24},"end":{"line":118,"column":37}},"6":{"start":{"line":120,"column":2},"end":{"line":167,"column":34}},"7":{"start":{"line":121,"column":4},"end":{"line":121,"column":38}},"8":{"start":{"line":121,"column":31},"end":{"line":121,"column":38}},"9":{"start":{"line":123,"column":4},"end":{"line":128,"column":5}},"10":{"start":{"line":124,"column":6},"end":{"line":124,"column":54}},"11":{"start":{"line":125,"column":6},"end":{"line":125,"column":76}},"12":{"start":{"line":126,"column":6},"end":{"line":126,"column":35}},"13":{"start":{"line":127,"column":6},"end":{"line":127,"column":13}},"14":{"start":{"line":130,"column":4},"end":{"line":166,"column":5}},"15":{"start":{"line":131,"column":44},"end":{"line":148,"column":7}},"16":{"start":{"line":135,"column":60},"end":{"line":147,"column":9}},"17":{"start":{"line":141,"column":38},"end":{"line":146,"column":11}},"18":{"start":{"line":150,"column":6},"end":{"line":150,"column":39}},"19":{"start":{"line":153,"column":41},"end":{"line":163,"column":7}},"20":{"start":{"line":154,"column":51},"end":{"line":162,"column":9}},"21":{"start":{"line":157,"column":38},"end":{"line":161,"column":11}},"22":{"start":{"line":164,"column":6},"end":{"line":164,"column":44}},"23":{"start":{"line":165,"column":6},"end":{"line":165,"column":35}},"24":{"start":{"line":175,"column":26},"end":{"line":188,"column":3}},"25":{"start":{"line":177,"column":6},"end":{"line":185,"column":9}},"26":{"start":{"line":178,"column":26},"end":{"line":178,"column":45}},"27":{"start":{"line":179,"column":25},"end":{"line":179,"column":56}},"28":{"start":{"line":180,"column":21},"end":{"line":180,"column":39}},"29":{"start":{"line":181,"column":8},"end":{"line":181,"column":55}},"30":{"start":{"line":182,"column":8},"end":{"line":182,"column":29}},"31":{"start":{"line":183,"column":8},"end":{"line":183,"column":44}},"32":{"start":{"line":184,"column":8},"end":{"line":184,"column":38}},"33":{"start":{"line":193,"column":24},"end":{"line":206,"column":3}},"34":{"start":{"line":195,"column":6},"end":{"line":203,"column":9}},"35":{"start":{"line":196,"column":26},"end":{"line":196,"column":45}},"36":{"start":{"line":197,"column":25},"end":{"line":197,"column":56}},"37":{"start":{"line":198,"column":21},"end":{"line":198,"column":39}},"38":{"start":{"line":199,"column":8},"end":{"line":199,"column":53}},"39":{"start":{"line":200,"column":8},"end":{"line":200,"column":29}},"40":{"start":{"line":201,"column":8},"end":{"line":201,"column":44}},"41":{"start":{"line":202,"column":8},"end":{"line":202,"column":38}},"42":{"start":{"line":212,"column":24},"end":{"line":230,"column":3}},"43":{"start":{"line":214,"column":20},"end":{"line":214,"column":25}},"44":{"start":{"line":216,"column":6},"end":{"line":225,"column":9}},"45":{"start":{"line":217,"column":26},"end":{"line":217,"column":45}},"46":{"start":{"line":218,"column":25},"end":{"line":218,"column":56}},"47":{"start":{"line":219,"column":21},"end":{"line":219,"column":39}},"48":{"start":{"line":220,"column":8},"end":{"line":220,"column":41}},"49":{"start":{"line":221,"column":8},"end":{"line":221,"column":81}},"50":{"start":{"line":222,"column":8},"end":{"line":222,"column":29}},"51":{"start":{"line":223,"column":8},"end":{"line":223,"column":44}},"52":{"start":{"line":224,"column":8},"end":{"line":224,"column":38}},"53":{"start":{"line":227,"column":6},"end":{"line":227,"column":25}},"54":{"start":{"line":236,"column":17},"end":{"line":253,"column":8}},"55":{"start":{"line":237,"column":4},"end":{"line":252,"column":7}},"56":{"start":{"line":238,"column":24},"end":{"line":238,"column":43}},"57":{"start":{"line":239,"column":23},"end":{"line":239,"column":54}},"58":{"start":{"line":240,"column":22},"end":{"line":240,"column":61}},"59":{"start":{"line":241,"column":6},"end":{"line":249,"column":8}},"60":{"start":{"line":250,"column":6},"end":{"line":250,"column":42}},"61":{"start":{"line":251,"column":6},"end":{"line":251,"column":36}},"62":{"start":{"line":259,"column":20},"end":{"line":280,"column":3}},"63":{"start":{"line":262,"column":6},"end":{"line":262,"column":30}},"64":{"start":{"line":264,"column":6},"end":{"line":277,"column":9}},"65":{"start":{"line":265,"column":26},"end":{"line":265,"column":45}},"66":{"start":{"line":266,"column":25},"end":{"line":266,"column":56}},"67":{"start":{"line":269,"column":8},"end":{"line":269,"column":51}},"68":{"start":{"line":269,"column":39},"end":{"line":269,"column":51}},"69":{"start":{"line":271,"column":8},"end":{"line":273,"column":60}},"70":{"start":{"line":272,"column":28},"end":{"line":272,"column":42}},"71":{"start":{"line":273,"column":28},"end":{"line":273,"column":57}},"72":{"start":{"line":275,"column":8},"end":{"line":275,"column":44}},"73":{"start":{"line":276,"column":8},"end":{"line":276,"column":38}},"74":{"start":{"line":286,"column":22},"end":{"line":316,"column":3}},"75":{"start":{"line":289,"column":21},"end":{"line":291,"column":7}},"76":{"start":{"line":290,"column":16},"end":{"line":290,"column":46}},"77":{"start":{"line":292,"column":6},"end":{"line":292,"column":31}},"78":{"start":{"line":292,"column":18},"end":{"line":292,"column":31}},"79":{"start":{"line":294,"column":6},"end":{"line":311,"column":10}},"80":{"start":{"line":294,"column":34},"end":{"line":311,"column":7}},"81":{"start":{"line":313,"column":6},"end":{"line":313,"column":18}},"82":{"start":{"line":322,"column":25},"end":{"line":335,"column":3}},"83":{"start":{"line":325,"column":22},"end":{"line":325,"column":49}},"84":{"start":{"line":327,"column":6},"end":{"line":330,"column":10}},"85":{"start":{"line":327,"column":34},"end":{"line":330,"column":7}},"86":{"start":{"line":329,"column":51},"end":{"line":329,"column":62}},"87":{"start":{"line":332,"column":6},"end":{"line":332,"column":21}},"88":{"start":{"line":341,"column":22},"end":{"line":343,"column":8}},"89":{"start":{"line":342,"column":4},"end":{"line":342,"column":27}},"90":{"start":{"line":348,"column":25},"end":{"line":350,"column":8}},"91":{"start":{"line":349,"column":4},"end":{"line":349,"column":28}},"92":{"start":{"line":356,"column":28},"end":{"line":367,"column":3}},"93":{"start":{"line":358,"column":6},"end":{"line":364,"column":9}},"94":{"start":{"line":359,"column":26},"end":{"line":359,"column":45}},"95":{"start":{"line":360,"column":25},"end":{"line":360,"column":56}},"96":{"start":{"line":361,"column":8},"end":{"line":361,"column":40}},"97":{"start":{"line":362,"column":8},"end":{"line":362,"column":44}},"98":{"start":{"line":363,"column":8},"end":{"line":363,"column":38}},"99":{"start":{"line":374,"column":29},"end":{"line":398,"column":3}},"100":{"start":{"line":376,"column":6},"end":{"line":376,"column":47}},"101":{"start":{"line":376,"column":37},"end":{"line":376,"column":47}},"102":{"start":{"line":378,"column":76},"end":{"line":378,"column":78}},"103":{"start":{"line":380,"column":6},"end":{"line":393,"column":7}},"104":{"start":{"line":381,"column":25},"end":{"line":383,"column":9}},"105":{"start":{"line":382,"column":17},"end":{"line":382,"column":55}},"106":{"start":{"line":385,"column":8},"end":{"line":385,"column":32}},"107":{"start":{"line":385,"column":23},"end":{"line":385,"column":32}},"108":{"start":{"line":387,"column":8},"end":{"line":392,"column":9}},"109":{"start":{"line":388,"column":10},"end":{"line":391,"column":13}},"110":{"start":{"line":395,"column":6},"end":{"line":395,"column":21}},"111":{"start":{"line":406,"column":31},"end":{"line":450,"column":3}},"112":{"start":{"line":411,"column":6},"end":{"line":411,"column":47}},"113":{"start":{"line":411,"column":37},"end":{"line":411,"column":47}},"114":{"start":{"line":416,"column":12},"end":{"line":416,"column":14}},"115":{"start":{"line":418,"column":6},"end":{"line":445,"column":7}},"116":{"start":{"line":420,"column":25},"end":{"line":422,"column":9}},"117":{"start":{"line":421,"column":17},"end":{"line":421,"column":55}},"118":{"start":{"line":423,"column":8},"end":{"line":423,"column":32}},"119":{"start":{"line":423,"column":23},"end":{"line":423,"column":32}},"120":{"start":{"line":425,"column":33},"end":{"line":425,"column":53}},"121":{"start":{"line":426,"column":83},"end":{"line":426,"column":85}},"122":{"start":{"line":428,"column":8},"end":{"line":437,"column":9}},"123":{"start":{"line":430,"column":10},"end":{"line":436,"column":11}},"124":{"start":{"line":431,"column":12},"end":{"line":435,"column":15}},"125":{"start":{"line":439,"column":8},"end":{"line":444,"column":9}},"126":{"start":{"line":440,"column":10},"end":{"line":443,"column":13}},"127":{"start":{"line":447,"column":6},"end":{"line":447,"column":21}},"128":{"start":{"line":457,"column":29},"end":{"line":485,"column":84}},"129":{"start":{"line":458,"column":4},"end":{"line":460,"column":5}},"130":{"start":{"line":459,"column":6},"end":{"line":459,"column":19}},"131":{"start":{"line":462,"column":21},"end":{"line":462,"column":55}},"132":{"start":{"line":463,"column":20},"end":{"line":463,"column":43}},"133":{"start":{"line":466,"column":4},"end":{"line":466,"column":56}},"134":{"start":{"line":466,"column":44},"end":{"line":466,"column":56}},"135":{"start":{"line":469,"column":4},"end":{"line":475,"column":5}},"136":{"start":{"line":470,"column":21},"end":{"line":472,"column":7}},"137":{"start":{"line":471,"column":15},"end":{"line":471,"column":51}},"138":{"start":{"line":473,"column":6},"end":{"line":473,"column":31}},"139":{"start":{"line":473,"column":19},"end":{"line":473,"column":31}},"140":{"start":{"line":474,"column":6},"end":{"line":474,"column":65}},"141":{"start":{"line":474,"column":53},"end":{"line":474,"column":65}},"142":{"start":{"line":478,"column":4},"end":{"line":482,"column":5}},"143":{"start":{"line":479,"column":6},"end":{"line":481,"column":7}},"144":{"start":{"line":479,"column":31},"end":{"line":479,"column":67}},"145":{"start":{"line":480,"column":8},"end":{"line":480,"column":20}},"146":{"start":{"line":484,"column":4},"end":{"line":484,"column":17}},"147":{"start":{"line":489,"column":2},"end":{"line":506,"column":4}}},"fnMap":{"0":{"name":"useWorkoutState","decl":{"start":{"line":90,"column":16},"end":{"line":90,"column":31}},"loc":{"start":{"line":93,"column":2},"end":{"line":507,"column":1}},"line":93},"1":{"name":"(anonymous_1)","decl":{"start":{"line":120,"column":12},"end":{"line":120,"column":13}},"loc":{"start":{"line":120,"column":18},"end":{"line":167,"column":3}},"line":120},"2":{"name":"(anonymous_2)","decl":{"start":{"line":135,"column":42},"end":{"line":135,"column":43}},"loc":{"start":{"line":135,"column":60},"end":{"line":147,"column":9}},"line":135},"3":{"name":"(anonymous_3)","decl":{"start":{"line":141,"column":28},"end":{"line":141,"column":29}},"loc":{"start":{"line":141,"column":38},"end":{"line":146,"column":11}},"line":141},"4":{"name":"(anonymous_4)","decl":{"start":{"line":154,"column":42},"end":{"line":154,"column":43}},"loc":{"start":{"line":154,"column":51},"end":{"line":162,"column":9}},"line":154},"5":{"name":"(anonymous_5)","decl":{"start":{"line":157,"column":28},"end":{"line":157,"column":29}},"loc":{"start":{"line":157,"column":38},"end":{"line":161,"column":11}},"line":157},"6":{"name":"(anonymous_6)","decl":{"start":{"line":176,"column":4},"end":{"line":176,"column":5}},"loc":{"start":{"line":176,"column":71},"end":{"line":186,"column":5}},"line":176},"7":{"name":"(anonymous_7)","decl":{"start":{"line":177,"column":23},"end":{"line":177,"column":24}},"loc":{"start":{"line":177,"column":33},"end":{"line":185,"column":7}},"line":177},"8":{"name":"(anonymous_8)","decl":{"start":{"line":194,"column":4},"end":{"line":194,"column":5}},"loc":{"start":{"line":194,"column":69},"end":{"line":204,"column":5}},"line":194},"9":{"name":"(anonymous_9)","decl":{"start":{"line":195,"column":23},"end":{"line":195,"column":24}},"loc":{"start":{"line":195,"column":33},"end":{"line":203,"column":7}},"line":195},"10":{"name":"(anonymous_10)","decl":{"start":{"line":213,"column":4},"end":{"line":213,"column":5}},"loc":{"start":{"line":213,"column":71},"end":{"line":228,"column":5}},"line":213},"11":{"name":"(anonymous_11)","decl":{"start":{"line":216,"column":23},"end":{"line":216,"column":24}},"loc":{"start":{"line":216,"column":33},"end":{"line":225,"column":7}},"line":216},"12":{"name":"(anonymous_12)","decl":{"start":{"line":236,"column":29},"end":{"line":236,"column":30}},"loc":{"start":{"line":236,"column":62},"end":{"line":253,"column":3}},"line":236},"13":{"name":"(anonymous_13)","decl":{"start":{"line":237,"column":21},"end":{"line":237,"column":22}},"loc":{"start":{"line":237,"column":31},"end":{"line":252,"column":5}},"line":237},"14":{"name":"(anonymous_14)","decl":{"start":{"line":260,"column":4},"end":{"line":260,"column":5}},"loc":{"start":{"line":260,"column":55},"end":{"line":278,"column":5}},"line":260},"15":{"name":"(anonymous_15)","decl":{"start":{"line":264,"column":23},"end":{"line":264,"column":24}},"loc":{"start":{"line":264,"column":33},"end":{"line":277,"column":7}},"line":264},"16":{"name":"(anonymous_16)","decl":{"start":{"line":272,"column":18},"end":{"line":272,"column":19}},"loc":{"start":{"line":272,"column":28},"end":{"line":272,"column":42}},"line":272},"17":{"name":"(anonymous_17)","decl":{"start":{"line":273,"column":15},"end":{"line":273,"column":16}},"loc":{"start":{"line":273,"column":28},"end":{"line":273,"column":57}},"line":273},"18":{"name":"(anonymous_18)","decl":{"start":{"line":287,"column":4},"end":{"line":287,"column":5}},"loc":{"start":{"line":287,"column":37},"end":{"line":314,"column":5}},"line":287},"19":{"name":"(anonymous_19)","decl":{"start":{"line":290,"column":8},"end":{"line":290,"column":9}},"loc":{"start":{"line":290,"column":16},"end":{"line":290,"column":46}},"line":290},"20":{"name":"(anonymous_20)","decl":{"start":{"line":294,"column":23},"end":{"line":294,"column":24}},"loc":{"start":{"line":294,"column":34},"end":{"line":311,"column":7}},"line":294},"21":{"name":"(anonymous_21)","decl":{"start":{"line":323,"column":4},"end":{"line":323,"column":5}},"loc":{"start":{"line":323,"column":52},"end":{"line":333,"column":5}},"line":323},"22":{"name":"(anonymous_22)","decl":{"start":{"line":327,"column":23},"end":{"line":327,"column":24}},"loc":{"start":{"line":327,"column":34},"end":{"line":330,"column":7}},"line":327},"23":{"name":"(anonymous_23)","decl":{"start":{"line":329,"column":41},"end":{"line":329,"column":42}},"loc":{"start":{"line":329,"column":51},"end":{"line":329,"column":62}},"line":329},"24":{"name":"(anonymous_24)","decl":{"start":{"line":341,"column":34},"end":{"line":341,"column":35}},"loc":{"start":{"line":341,"column":64},"end":{"line":343,"column":3}},"line":341},"25":{"name":"(anonymous_25)","decl":{"start":{"line":348,"column":37},"end":{"line":348,"column":38}},"loc":{"start":{"line":348,"column":49},"end":{"line":350,"column":3}},"line":348},"26":{"name":"(anonymous_26)","decl":{"start":{"line":357,"column":4},"end":{"line":357,"column":5}},"loc":{"start":{"line":357,"column":54},"end":{"line":365,"column":5}},"line":357},"27":{"name":"(anonymous_27)","decl":{"start":{"line":358,"column":23},"end":{"line":358,"column":24}},"loc":{"start":{"line":358,"column":33},"end":{"line":364,"column":7}},"line":358},"28":{"name":"(anonymous_28)","decl":{"start":{"line":375,"column":4},"end":{"line":375,"column":5}},"loc":{"start":{"line":375,"column":64},"end":{"line":396,"column":5}},"line":375},"29":{"name":"(anonymous_29)","decl":{"start":{"line":382,"column":10},"end":{"line":382,"column":11}},"loc":{"start":{"line":382,"column":17},"end":{"line":382,"column":55}},"line":382},"30":{"name":"(anonymous_30)","decl":{"start":{"line":407,"column":4},"end":{"line":407,"column":5}},"loc":{"start":{"line":410,"column":11},"end":{"line":448,"column":5}},"line":410},"31":{"name":"(anonymous_31)","decl":{"start":{"line":421,"column":10},"end":{"line":421,"column":11}},"loc":{"start":{"line":421,"column":17},"end":{"line":421,"column":55}},"line":421},"32":{"name":"(anonymous_32)","decl":{"start":{"line":457,"column":41},"end":{"line":457,"column":42}},"loc":{"start":{"line":457,"column":56},"end":{"line":485,"column":3}},"line":457},"33":{"name":"(anonymous_33)","decl":{"start":{"line":471,"column":8},"end":{"line":471,"column":9}},"loc":{"start":{"line":471,"column":15},"end":{"line":471,"column":51}},"line":471},"34":{"name":"(anonymous_34)","decl":{"start":{"line":479,"column":24},"end":{"line":479,"column":25}},"loc":{"start":{"line":479,"column":31},"end":{"line":479,"column":67}},"line":479}},"branchMap":{"0":{"loc":{"start":{"line":121,"column":4},"end":{"line":121,"column":38}},"type":"if","locations":[{"start":{"line":121,"column":4},"end":{"line":121,"column":38}},{"start":{},"end":{}}],"line":121},"1":{"loc":{"start":{"line":123,"column":4},"end":{"line":128,"column":5}},"type":"if","locations":[{"start":{"line":123,"column":4},"end":{"line":128,"column":5}},{"start":{},"end":{}}],"line":123},"2":{"loc":{"start":{"line":130,"column":4},"end":{"line":166,"column":5}},"type":"if","locations":[{"start":{"line":130,"column":4},"end":{"line":166,"column":5}},{"start":{},"end":{}}],"line":130},"3":{"loc":{"start":{"line":140,"column":24},"end":{"line":140,"column":53}},"type":"binary-expr","locations":[{"start":{"line":140,"column":24},"end":{"line":140,"column":47}},{"start":{"line":140,"column":51},"end":{"line":140,"column":53}}],"line":140},"4":{"loc":{"start":{"line":156,"column":24},"end":{"line":156,"column":53}},"type":"binary-expr","locations":[{"start":{"line":156,"column":24},"end":{"line":156,"column":47}},{"start":{"line":156,"column":51},"end":{"line":156,"column":53}}],"line":156},"5":{"loc":{"start":{"line":245,"column":18},"end":{"line":245,"column":38}},"type":"binary-expr","locations":[{"start":{"line":245,"column":18},"end":{"line":245,"column":33}},{"start":{"line":245,"column":37},"end":{"line":245,"column":38}}],"line":245},"6":{"loc":{"start":{"line":246,"column":16},"end":{"line":246,"column":35}},"type":"binary-expr","locations":[{"start":{"line":246,"column":16},"end":{"line":246,"column":29}},{"start":{"line":246,"column":33},"end":{"line":246,"column":35}}],"line":246},"7":{"loc":{"start":{"line":269,"column":8},"end":{"line":269,"column":51}},"type":"if","locations":[{"start":{"line":269,"column":8},"end":{"line":269,"column":51}},{"start":{},"end":{}}],"line":269},"8":{"loc":{"start":{"line":292,"column":6},"end":{"line":292,"column":31}},"type":"if","locations":[{"start":{"line":292,"column":6},"end":{"line":292,"column":31}},{"start":{},"end":{}}],"line":292},"9":{"loc":{"start":{"line":376,"column":6},"end":{"line":376,"column":47}},"type":"if","locations":[{"start":{"line":376,"column":6},"end":{"line":376,"column":47}},{"start":{},"end":{}}],"line":376},"10":{"loc":{"start":{"line":385,"column":8},"end":{"line":385,"column":32}},"type":"if","locations":[{"start":{"line":385,"column":8},"end":{"line":385,"column":32}},{"start":{},"end":{}}],"line":385},"11":{"loc":{"start":{"line":387,"column":8},"end":{"line":392,"column":9}},"type":"if","locations":[{"start":{"line":387,"column":8},"end":{"line":392,"column":9}},{"start":{},"end":{}}],"line":387},"12":{"loc":{"start":{"line":411,"column":6},"end":{"line":411,"column":47}},"type":"if","locations":[{"start":{"line":411,"column":6},"end":{"line":411,"column":47}},{"start":{},"end":{}}],"line":411},"13":{"loc":{"start":{"line":423,"column":8},"end":{"line":423,"column":32}},"type":"if","locations":[{"start":{"line":423,"column":8},"end":{"line":423,"column":32}},{"start":{},"end":{}}],"line":423},"14":{"loc":{"start":{"line":430,"column":10},"end":{"line":436,"column":11}},"type":"if","locations":[{"start":{"line":430,"column":10},"end":{"line":436,"column":11}},{"start":{},"end":{}}],"line":430},"15":{"loc":{"start":{"line":430,"column":14},"end":{"line":430,"column":63}},"type":"binary-expr","locations":[{"start":{"line":430,"column":14},"end":{"line":430,"column":25}},{"start":{"line":430,"column":29},"end":{"line":430,"column":63}}],"line":430},"16":{"loc":{"start":{"line":439,"column":8},"end":{"line":444,"column":9}},"type":"if","locations":[{"start":{"line":439,"column":8},"end":{"line":444,"column":9}},{"start":{},"end":{}}],"line":439},"17":{"loc":{"start":{"line":458,"column":4},"end":{"line":460,"column":5}},"type":"if","locations":[{"start":{"line":458,"column":4},"end":{"line":460,"column":5}},{"start":{},"end":{}}],"line":458},"18":{"loc":{"start":{"line":458,"column":8},"end":{"line":458,"column":63}},"type":"binary-expr","locations":[{"start":{"line":458,"column":8},"end":{"line":458,"column":33}},{"start":{"line":458,"column":37},"end":{"line":458,"column":63}}],"line":458},"19":{"loc":{"start":{"line":466,"column":4},"end":{"line":466,"column":56}},"type":"if","locations":[{"start":{"line":466,"column":4},"end":{"line":466,"column":56}},{"start":{},"end":{}}],"line":466},"20":{"loc":{"start":{"line":473,"column":6},"end":{"line":473,"column":31}},"type":"if","locations":[{"start":{"line":473,"column":6},"end":{"line":473,"column":31}},{"start":{},"end":{}}],"line":473},"21":{"loc":{"start":{"line":474,"column":6},"end":{"line":474,"column":65}},"type":"if","locations":[{"start":{"line":474,"column":6},"end":{"line":474,"column":65}},{"start":{},"end":{}}],"line":474},"22":{"loc":{"start":{"line":479,"column":6},"end":{"line":481,"column":7}},"type":"if","locations":[{"start":{"line":479,"column":6},"end":{"line":481,"column":7}},{"start":{},"end":{}}],"line":479}},"s":{"0":199,"1":199,"2":199,"3":199,"4":199,"5":199,"6":199,"7":73,"8":2,"9":71,"10":3,"11":3,"12":3,"13":3,"14":68,"15":60,"16":103,"17":246,"18":60,"19":60,"20":103,"21":246,"22":60,"23":60,"24":199,"25":5,"26":5,"27":5,"28":5,"29":5,"30":5,"31":5,"32":5,"33":199,"34":4,"35":4,"36":4,"37":4,"38":4,"39":4,"40":4,"41":4,"42":199,"43":12,"44":12,"45":12,"46":12,"47":12,"48":12,"49":12,"50":12,"51":12,"52":12,"53":12,"54":199,"55":7,"56":7,"57":7,"58":7,"59":7,"60":7,"61":7,"62":199,"63":6,"64":6,"65":6,"66":6,"67":6,"68":2,"69":4,"70":11,"71":7,"72":4,"73":4,"74":199,"75":10,"76":19,"77":10,"78":2,"79":8,"80":8,"81":8,"82":199,"83":5,"84":5,"85":5,"86":10,"87":5,"88":199,"89":7,"90":199,"91":1,"92":199,"93":8,"94":8,"95":8,"96":8,"97":8,"98":8,"99":199,"100":6,"101":1,"102":5,"103":5,"104":11,"105":17,"106":11,"107":1,"108":10,"109":4,"110":5,"111":199,"112":8,"113":1,"114":7,"115":7,"116":15,"117":23,"118":15,"119":1,"120":14,"121":14,"122":14,"123":36,"124":5,"125":14,"126":5,"127":7,"128":199,"129":11,"130":2,"131":9,"132":9,"133":9,"134":2,"135":7,"136":12,"137":17,"138":12,"139":1,"140":11,"141":2,"142":4,"143":8,"144":12,"145":0,"146":4,"147":199},"f":{"0":199,"1":73,"2":103,"3":246,"4":103,"5":246,"6":5,"7":5,"8":4,"9":4,"10":12,"11":12,"12":7,"13":7,"14":6,"15":6,"16":11,"17":7,"18":10,"19":19,"20":8,"21":5,"22":5,"23":10,"24":7,"25":1,"26":8,"27":8,"28":6,"29":17,"30":8,"31":23,"32":11,"33":17,"34":12},"b":{"0":[2,71],"1":[3,68],"2":[60,8],"3":[103,4],"4":[103,4],"5":[7,1],"6":[7,1],"7":[2,4],"8":[2,8],"9":[1,5],"10":[1,10],"11":[4,6],"12":[1,7],"13":[1,14],"14":[5,31],"15":[36,6],"16":[5,9],"17":[2,9],"18":[11,10],"19":[2,7],"20":[1,11],"21":[2,9],"22":[0,8]},"_coverageSchema":"1a1c01bbd47fc00a2c39e90264f33305004495a9","hash":"38a04ae97f9acec124c91c0c779b0da5d1297d7f"}
}
