TN:
SF:src\hooks\useWorkoutState.ts
FN:90,useWorkoutState
FN:120,(anonymous_1)
FN:135,(anonymous_2)
FN:141,(anonymous_3)
FN:154,(anonymous_4)
FN:157,(anonymous_5)
FN:176,(anonymous_6)
FN:177,(anonymous_7)
FN:194,(anonymous_8)
FN:195,(anonymous_9)
FN:213,(anonymous_10)
FN:216,(anonymous_11)
FN:236,(anonymous_12)
FN:237,(anonymous_13)
FN:260,(anonymous_14)
FN:264,(anonymous_15)
FN:272,(anonymous_16)
FN:273,(anonymous_17)
FN:287,(anonymous_18)
FN:290,(anonymous_19)
FN:294,(anonymous_20)
FN:323,(anonymous_21)
FN:327,(anonymous_22)
FN:329,(anonymous_23)
FN:341,(anonymous_24)
FN:348,(anonymous_25)
FN:357,(anonymous_26)
FN:358,(anonymous_27)
FN:375,(anonymous_28)
FN:382,(anonymous_29)
FN:407,(anonymous_30)
FN:421,(anonymous_31)
FN:457,(anonymous_32)
FN:471,(anonymous_33)
FN:479,(anonymous_34)
FNF:35
FNH:35
FNDA:199,useWorkoutState
FNDA:73,(anonymous_1)
FNDA:103,(anonymous_2)
FNDA:246,(anonymous_3)
FNDA:103,(anonymous_4)
FNDA:246,(anonymous_5)
FNDA:5,(anonymous_6)
FNDA:5,(anonymous_7)
FNDA:4,(anonymous_8)
FNDA:4,(anonymous_9)
FNDA:12,(anonymous_10)
FNDA:12,(anonymous_11)
FNDA:7,(anonymous_12)
FNDA:7,(anonymous_13)
FNDA:6,(anonymous_14)
FNDA:6,(anonymous_15)
FNDA:11,(anonymous_16)
FNDA:7,(anonymous_17)
FNDA:10,(anonymous_18)
FNDA:19,(anonymous_19)
FNDA:8,(anonymous_20)
FNDA:5,(anonymous_21)
FNDA:5,(anonymous_22)
FNDA:10,(anonymous_23)
FNDA:7,(anonymous_24)
FNDA:1,(anonymous_25)
FNDA:8,(anonymous_26)
FNDA:8,(anonymous_27)
FNDA:6,(anonymous_28)
FNDA:17,(anonymous_29)
FNDA:8,(anonymous_30)
FNDA:23,(anonymous_31)
FNDA:11,(anonymous_32)
FNDA:17,(anonymous_33)
FNDA:12,(anonymous_34)
DA:96,199
DA:104,199
DA:107,199
DA:108,199
DA:111,199
DA:118,199
DA:120,199
DA:121,73
DA:123,71
DA:124,3
DA:125,3
DA:126,3
DA:127,3
DA:130,68
DA:131,60
DA:135,103
DA:141,246
DA:150,60
DA:153,60
DA:154,103
DA:157,246
DA:164,60
DA:165,60
DA:175,199
DA:177,5
DA:178,5
DA:179,5
DA:180,5
DA:181,5
DA:182,5
DA:183,5
DA:184,5
DA:193,199
DA:195,4
DA:196,4
DA:197,4
DA:198,4
DA:199,4
DA:200,4
DA:201,4
DA:202,4
DA:212,199
DA:214,12
DA:216,12
DA:217,12
DA:218,12
DA:219,12
DA:220,12
DA:221,12
DA:222,12
DA:223,12
DA:224,12
DA:227,12
DA:236,199
DA:237,7
DA:238,7
DA:239,7
DA:240,7
DA:241,7
DA:250,7
DA:251,7
DA:259,199
DA:262,6
DA:264,6
DA:265,6
DA:266,6
DA:269,6
DA:271,4
DA:272,11
DA:273,7
DA:275,4
DA:276,4
DA:286,199
DA:289,10
DA:290,19
DA:292,10
DA:294,8
DA:313,8
DA:322,199
DA:325,5
DA:327,5
DA:329,10
DA:332,5
DA:341,199
DA:342,7
DA:348,199
DA:349,1
DA:356,199
DA:358,8
DA:359,8
DA:360,8
DA:361,8
DA:362,8
DA:363,8
DA:374,199
DA:376,6
DA:378,5
DA:380,5
DA:381,11
DA:382,17
DA:385,11
DA:387,10
DA:388,4
DA:395,5
DA:406,199
DA:411,8
DA:416,7
DA:418,7
DA:420,15
DA:421,23
DA:423,15
DA:425,14
DA:426,14
DA:428,14
DA:430,36
DA:431,5
DA:439,14
DA:440,5
DA:447,7
DA:457,199
DA:458,11
DA:459,2
DA:462,9
DA:463,9
DA:466,9
DA:469,7
DA:470,12
DA:471,17
DA:473,12
DA:474,11
DA:478,4
DA:479,12
DA:480,0
DA:484,4
DA:489,199
LF:135
LH:134
BRDA:121,0,0,2
BRDA:121,0,1,71
BRDA:123,1,0,3
BRDA:123,1,1,68
BRDA:130,2,0,60
BRDA:130,2,1,8
BRDA:140,3,0,103
BRDA:140,3,1,4
BRDA:156,4,0,103
BRDA:156,4,1,4
BRDA:245,5,0,7
BRDA:245,5,1,1
BRDA:246,6,0,7
BRDA:246,6,1,1
BRDA:269,7,0,2
BRDA:269,7,1,4
BRDA:292,8,0,2
BRDA:292,8,1,8
BRDA:376,9,0,1
BRDA:376,9,1,5
BRDA:385,10,0,1
BRDA:385,10,1,10
BRDA:387,11,0,4
BRDA:387,11,1,6
BRDA:411,12,0,1
BRDA:411,12,1,7
BRDA:423,13,0,1
BRDA:423,13,1,14
BRDA:430,14,0,5
BRDA:430,14,1,31
BRDA:430,15,0,36
BRDA:430,15,1,6
BRDA:439,16,0,5
BRDA:439,16,1,9
BRDA:458,17,0,2
BRDA:458,17,1,9
BRDA:458,18,0,11
BRDA:458,18,1,10
BRDA:466,19,0,2
BRDA:466,19,1,7
BRDA:473,20,0,1
BRDA:473,20,1,11
BRDA:474,21,0,2
BRDA:474,21,1,9
BRDA:479,22,0,0
BRDA:479,22,1,8
BRF:46
BRH:45
end_of_record
